#
# There is insufficient memory for the Java Runtime Environment to continue.
# Native memory allocation (malloc) failed to allocate 1048576 bytes for AllocateHeap
# Possible reasons:
#   The system is out of physical RAM or swap space
#   In 32 bit mode, the process size limit was hit
# Possible solutions:
#   Reduce memory load on the system
#   Increase physical memory or swap space
#   Check if swap backing store is full
#   Use 64 bit Java on a 64 bit OS
#   Decrease Java heap size (-Xmx/-Xms)
#   Decrease number of Java threads
#   Decrease Java thread stack sizes (-Xss)
#   Set larger code cache with -XX:ReservedCodeCacheSize=
# This output file may be truncated or incomplete.
#
#  Out of Memory Error (memory/allocation.inline.hpp:61), pid=11472, tid=0x0000000000003c28
#
# JRE version:  (8.0_191-b12) (build )
# Java VM: Java HotSpot(TM) 64-Bit Server VM (25.191-b12 mixed mode windows-amd64 compressed oops)
# Failed to write core dump. Minidumps are not enabled by default on client versions of Windows
#

---------------  T H R E A D  ---------------

Current thread (0x00000000032c9000):  JavaThread "Unknown thread" [_thread_in_vm, id=15400, stack(0x00000000031c0000,0x00000000032c0000)]

Stack: [0x00000000031c0000,0x00000000032c0000]
[error occurred during error reporting (printing stack bounds), id 0xc0000005]

Native frames: (J=compiled Java code, j=interpreted, Vv=VM code, C=native code)


---------------  P R O C E S S  ---------------

Java Threads: ( => current thread )

Other Threads:

=>0x00000000032c9000 (exited) JavaThread "Unknown thread" [_thread_in_vm, id=15400, stack(0x00000000031c0000,0x00000000032c0000)]

VM state:not at safepoint (normal execution)

VM Mutex/Monitor currently owned by a thread: None

Heap:
 PSYoungGen      total 76288K, used 1310K [0x000000076b000000, 0x0000000770500000, 0x00000007c0000000)
  eden space 65536K, 2% used [0x000000076b000000,0x000000076b147af0,0x000000076f000000)
  from space 10752K, 0% used [0x000000076fa80000,0x000000076fa80000,0x0000000770500000)
  to   space 10752K, 0% used [0x000000076f000000,0x000000076f000000,0x000000076fa80000)
 ParOldGen       total 175104K, used 0K [0x00000006c1000000, 0x00000006cbb00000, 0x000000076b000000)
  object space 175104K, 0% used [0x00000006c1000000,0x00000006c1000000,0x00000006cbb00000)
 Metaspace       used 775K, capacity 4480K, committed 4480K, reserved 1056768K
  class space    used 76K, capacity 384K, committed 384K, reserved 1048576K

Card table byte_map: [0x00000000128f0000,0x00000000130f0000] byte_map_base: 0x000000000f2e8000

Marking Bits: (ParMarkBitMap*) 0x000000005c443e30
 Begin Bits: [0x0000000014040000, 0x0000000018000000)
 End Bits:   [0x0000000018000000, 0x000000001bfc0000)

Polling page: 0x0000000000d80000

CodeCache: size=245760Kb used=327Kb max_used=327Kb free=245432Kb
 bounds [0x0000000003530000, 0x00000000037a0000, 0x0000000012530000]
 total_blobs=57 nmethods=0 adapters=38
 compilation: enabled

Compilation events (0 events):
No events

GC Heap History (0 events):
No events

Deoptimization events (0 events):
No events

Classes redefined (0 events):
No events

Internal exceptions (0 events):
No events

Events (10 events):
Event: 0.025 loading class java/lang/Short
Event: 0.025 loading class java/lang/Short done
Event: 0.025 loading class java/lang/Integer
Event: 0.025 loading class java/lang/Integer done
Event: 0.025 loading class java/lang/Long
Event: 0.025 loading class java/lang/Long done
Event: 0.026 loading class java/lang/NullPointerException
Event: 0.026 loading class java/lang/NullPointerException done
Event: 0.026 loading class java/lang/ArithmeticException
Event: 0.026 loading class java/lang/ArithmeticException done


Dynamic libraries:
0x00007ff69c720000 - 0x00007ff69c757000 	D:\luolin\java jdk\bin\java.exe
0x00007ffa1dc10000 - 0x00007ffa1ddfd000 	C:\Windows\SYSTEM32\ntdll.dll
0x00007ffa1bf20000 - 0x00007ffa1bfd3000 	C:\Windows\System32\KERNEL32.DLL
0x00007ffa19e30000 - 0x00007ffa1a0c3000 	C:\Windows\System32\KERNELBASE.dll
0x00007ffa1c150000 - 0x00007ffa1c1f3000 	C:\Windows\System32\ADVAPI32.dll
0x00007ffa1c2d0000 - 0x00007ffa1c36e000 	C:\Windows\System32\msvcrt.dll
0x00007ffa1c380000 - 0x00007ffa1c41e000 	C:\Windows\System32\sechost.dll
0x00007ffa1afe0000 - 0x00007ffa1b102000 	C:\Windows\System32\RPCRT4.dll
0x00007ffa1ae40000 - 0x00007ffa1afd7000 	C:\Windows\System32\USER32.dll
0x00007ffa19ce0000 - 0x00007ffa19d00000 	C:\Windows\System32\win32u.dll
0x00007ffa1c420000 - 0x00007ffa1c449000 	C:\Windows\System32\GDI32.dll
0x00007ffa1a270000 - 0x00007ffa1a40a000 	C:\Windows\System32\gdi32full.dll
0x00007ffa1a1d0000 - 0x00007ffa1a270000 	C:\Windows\System32\msvcp_win.dll
0x00007ffa1a0d0000 - 0x00007ffa1a1ca000 	C:\Windows\System32\ucrtbase.dll
0x00007ffa0dc40000 - 0x00007ffa0deb9000 	C:\Windows\WinSxS\amd64_microsoft.windows.common-controls_6595b64144ccf1df_6.0.17763.557_none_05b63f68071e5b9f\COMCTL32.dll
0x00007ffa1b2c0000 - 0x00007ffa1b5ec000 	C:\Windows\System32\combase.dll
0x00007ffa19db0000 - 0x00007ffa19e2e000 	C:\Windows\System32\bcryptPrimitives.dll
0x00007ffa1dbb0000 - 0x00007ffa1dbde000 	C:\Windows\System32\IMM32.DLL
0x00007ffa19ba0000 - 0x00007ffa19c0e000 	C:\Windows\System32\dtrampo.dll
0x000000005c4d0000 - 0x000000005c5a2000 	D:\luolin\java jdk\jre\bin\msvcr100.dll
0x000000005bc20000 - 0x000000005c4c4000 	D:\luolin\java jdk\jre\bin\server\jvm.dll
0x00007ffa1b820000 - 0x00007ffa1b828000 	C:\Windows\System32\PSAPI.DLL
0x00007ffa17e10000 - 0x00007ffa17e19000 	C:\Windows\SYSTEM32\WSOCK32.dll
0x00007ffa1c200000 - 0x00007ffa1c26d000 	C:\Windows\System32\WS2_32.dll
0x00007ffa17dc0000 - 0x00007ffa17de4000 	C:\Windows\SYSTEM32\WINMM.dll
0x00007ffa14c80000 - 0x00007ffa14c8a000 	C:\Windows\SYSTEM32\VERSION.dll
0x00007ffa17d60000 - 0x00007ffa17d8d000 	C:\Windows\SYSTEM32\WINMMBASE.dll
0x00007ffa1a620000 - 0x00007ffa1a66a000 	C:\Windows\System32\cfgmgr32.dll
0x000000005d1a0000 - 0x000000005d1af000 	D:\luolin\java jdk\jre\bin\verify.dll
0x000000005d170000 - 0x000000005d199000 	D:\luolin\java jdk\jre\bin\java.dll
0x000000005bbf0000 - 0x000000005bc13000 	D:\luolin\java jdk\jre\bin\instrument.dll
0x000000005d150000 - 0x000000005d166000 	D:\luolin\java jdk\jre\bin\zip.dll

VM Arguments:
jvm_args: -javaagent:D:\software\ideaIU-2018.3.1.win\lib\idea_rt.jar=52881:D:\software\ideaIU-2018.3.1.win\bin -Dfile.encoding=GB2312 
java_command: com.yondervision.mi.test.wangting1qi.HttpSend5999appapi00118
java_class_path (initial): D:\workspace\YBMAP_nb3\WebRoot\WEB-INF\classes;D:\workspace\YBMAP_nb3\WebRoot\WEB-INF\lib\antlr-2.7.6.jar;D:\workspace\YBMAP_nb3\WebRoot\WEB-INF\lib\aopalliance-1.0.0.jar;D:\workspace\YBMAP_nb3\WebRoot\WEB-INF\lib\asm-all-3.2.jar;D:\workspace\YBMAP_nb3\WebRoot\WEB-INF\lib\aspectjrt-1.6.8.jar;D:\workspace\YBMAP_nb3\WebRoot\WEB-INF\lib\aspectjweaver-1.6.8.jar;D:\workspace\YBMAP_nb3\WebRoot\WEB-INF\lib\castor-1.3rc1-anttasks.jar;D:\workspace\YBMAP_nb3\WebRoot\WEB-INF\lib\castor-1.3rc1-codegen.jar;D:\workspace\YBMAP_nb3\WebRoot\WEB-INF\lib\castor-1.3rc1-core.jar;D:\workspace\YBMAP_nb3\WebRoot\WEB-INF\lib\castor-1.3rc1-ddlgen.jar;D:\workspace\YBMAP_nb3\WebRoot\WEB-INF\lib\castor-1.3rc1-jdo.jar;D:\workspace\YBMAP_nb3\WebRoot\WEB-INF\lib\castor-1.3rc1-xml-schema.jar;D:\workspace\YBMAP_nb3\WebRoot\WEB-INF\lib\castor-1.3rc1-xml.jar;D:\workspace\YBMAP_nb3\WebRoot\WEB-INF\lib\castor-1.3rc1.jar;D:\workspace\YBMAP_nb3\WebRoot\WEB-INF\lib\cglib-2.2.jar;D:\workspace\YBMAP_nb3\WebRoot\WEB-INF\lib\commons-beanutils-1.8.3.jar;D:\workspace\YBMAP_nb3\WebRoot\WEB-INF\lib\commons-collections-3.2.1.jar;D:\workspace\YBMAP_nb3\WebRoot\WEB-INF\lib\commons-fileupload.jar;D:\workspace\YBMAP_nb3\WebRoot\WEB-INF\lib\commons-logging.jar;D:\workspace\YBMAP_nb3\WebRoot\WEB-INF\lib\db2java.jar;D:\workspace\YBMAP_nb3\WebRoot\WEB-INF\lib\db2jcc.jar;D:\workspace\YBMAP_nb3\WebRoot\WEB-INF\lib\db2jcc_license_cu.jar;D:\workspace\YBMAP_nb3\WebRoot\WEB-INF\lib\dom4j-1.6.1.jar;D:\workspace\YBMAP_nb3\WebRoot\WEB-INF\lib\ibatis-2.3.4.726.jar;D:\workspace\YBMAP_nb3\WebRoot\WEB-INF\lib\jackson-all-1.7.6.jar;D:\workspace\YBMAP_nb3\WebRoot\WEB-INF\lib\javassist-3.12.0.GA.jar;D:\workspace\YBMAP_nb3\WebRoot\WEB-INF\lib\javax.persistence.jar;D:\workspace\YBMAP_nb3\WebRoot\WEB-INF\lib\javax.transaction.jar;D:\workspace\YBMAP_nb3\WebRoot\WEB-INF\lib\jstl-1.2.jar;D:\workspace\YBMAP_nb3\WebRoot\WEB-INF\lib\jta1.0.1.jar;D:\workspace\YBMAP_nb3\WebRoot\WEB-INF\lib\jtds-1.2.4.jar;D:\workspace\YBM
Launcher Type: SUN_STANDARD

Environment Variables:
JAVA_HOME=D:\luolin\java jdk
CLASSPATH=.;D:\luolin\java jdk\lib\dt.jar;D:\luolin\java jdk\lib\tools.jar;D:\software\apache-tomcat-7.0.63-windows-x64\apache-tomcat-7.0.63\lib\servlet-api.jar;
PATH=C:\Windows\system32;C:\Windows;C:\Windows\System32\Wbem;C:\Windows\System32\WindowsPowerShell\v1.0\;C:\Windows\System32\OpenSSH\;D:\luolin\java jdk\bin;D:\luolin\java jdk\jre\bin;D:\software\apache-tomcat-7.0.63-windows-x64\apache-tomcat-7.0.63\bin;D:\software\apache-tomcat-7.0.63-windows-x64\apache-tomcat-7.0.63\lib;D:\software\mysql-8.0.11-winx64\bin;D:\software\Git\cmd;D:\software\Mu\bin;C:\Program Files\TortoiseSVN\bin;D:\software\Python 3.6.0\Scripts\;D:\software\Python 3.6.0\;D:\software\Python 3.7.0\Scripts\;D:\software\Python 3.7.0\;C:\Users\Admin\AppData\Local\Microsoft\WindowsApps;D:\luolin\java jdk\bin;D:\luolin\java jdk\jre\bin;;D:\software\PyCharm 2019.1.2\bin;
USERNAME=Admin
OS=Windows_NT
PROCESSOR_IDENTIFIER=AMD64 Family 23 Model 8 Stepping 2, AuthenticAMD



---------------  S Y S T E M  ---------------

OS: Windows 10.0 , 64 bit Build 17763 (10.0.17763.475)

CPU:total 12 (initial active 12) (12 cores per cpu, 1 threads per core) family 23 model 8 stepping 2, cmov, cx8, fxsr, mmx, sse, sse2, sse3, ssse3, sse4.1, sse4.2, popcnt, avx, avx2, aes, clmul, mmxext, 3dnowpref, lzcnt, sse4a, tsc, tscinvbit, tscinv, bmi1

Memory: 4k page, physical 16704764k(6942908k free), swap 25093372k(5452k free)

vm_info: Java HotSpot(TM) 64-Bit Server VM (25.191-b12) for windows-amd64 JRE (1.8.0_191-b12), built on Oct  6 2018 09:29:03 by "java_re" with MS VC++ 10.0 (VS2010)

time: Fri Jul 05 18:07:51 2019
elapsed time: 0 seconds (0d 0h 0m 0s)

